"GET /static/css/base.css HTTP/1.1" 500 59
"GET /media/empresas/hg-teste_jXgRLs3.png HTTP/1.1" 500 59
"GET /static/css/home.css HTTP/1.1" 500 59
"GET /static/css/banner.css HTTP/1.1" 500 59
"GET /media/banners/Institucional_Desktop.webp HTTP/1.1" 500 59
"GET /static/js/banner.js HTTP/1.1" 500 59
"GET /media/banners/Institucional_Mobile.webp HTTP/1.1" 500 59
"GET /static/css/mais_vendidos.css HTTP/1.1" 500 59
"GET /static/img/BannerEntregaPlaceHolder.webp HTTP/1.1" 500 59
"GET /static/css/produtos_pequenos.css HTTP/1.1" 500 59
"GET /static/js/mais_vendidos.js HTTP/1.1" 500 59
"GET /media/banners/Porcelanatos_Mobile.webp HTTP/1.1" 500 59
"GET /media/banners/Porcelanatos_Desktop.webp HTTP/1.1" 500 59
"GET /media/banners/Cer%C3%A2micas_Desktop.png HTTP/1.1" 500 59
"GET /media/banners/Cer%C3%A2micas_Mobile.png HTTP/1.1" 500 59
"GET /static/css/home_produtos_categoria.css HTTP/1.1" 500 59
"GET /static/css/produtos_pequenos.css HTTP/1.1" 500 59
"GET /static/js/home.js HTTP/1.1" 500 59
"GET /media/produtos/144145.webp HTTP/1.1" 500 59
"GET /media/produtos/NoImgAvailable.webp HTTP/1.1" 500 59
"GET /media/produtos/142925.webp HTTP/1.1" 500 59
"GET /media/produtos/29134.webp HTTP/1.1" 500 59
"GET /media/produtos/144144.webp HTTP/1.1" 500 59
"GET /media/produtos/143867.webp HTTP/1.1" 500 59
"GET /static/css/produtos_pequenos.css HTTP/1.1" 500 59
"GET /media/produtos/144482.webp HTTP/1.1" 500 59
"GET /media/produtos/144142.webp HTTP/1.1" 500 59
"GET /media/produtos/144488.webp HTTP/1.1" 500 59
"GET /media/produtos/144487.webp HTTP/1.1" 500 59
"GET /media/produtos/144485.webp HTTP/1.1" 500 59
"GET /media/produtos/145123.webp HTTP/1.1" 500 59
"GET /media/produtos/144734.webp HTTP/1.1" 500 59
"GET /media/produtos/145178.webp HTTP/1.1" 500 59
"GET /static/css/produtos_pequenos.css HTTP/1.1" 500 59
"GET /media/produtos/142677.webp HTTP/1.1" 500 59
"GET /media/produtos/142579.webp HTTP/1.1" 500 59
"GET /media/produtos/142839.webp HTTP/1.1" 500 59
"GET /media/empresas/Pagseguro_YVPQbhd.webp HTTP/1.1" 500 59
"GET /media/produtos/143113.webp HTTP/1.1" 500 59
"GET /static/css/produtos_pequenos.css HTTP/1.1" 500 59
"GET /static/img/Pagseguro.webp HTTP/1.1" 500 59
"GET /media/empresas/Hefesto_kD24Gfv.webp HTTP/1.1" 500 59
"GET /media/produtos/NoImgAvailable.webp HTTP/1.1" 500 59
"GET /static/css/produtos_pequenos.css HTTP/1.1" 500 59
"GET /media/produtos/NoImgAvailable.webp HTTP/1.1" 500 59
"GET /static/css/produtos_pequenos.css HTTP/1.1" 500 59
"GET /static/css/produtos_pequenos.css HTTP/1.1" 500 59
"GET /static/css/produtos_pequenos.css HTTP/1.1" 500 59
"GET /media/produtos/144145.webp HTTP/1.1" 500 59
"GET /media/produtos/144144.webp HTTP/1.1" 500 59
"GET /static/css/produtos_pequenos.css HTTP/1.1" 500 59
"GET /static/css/produtos_pequenos.css HTTP/1.1" 500 59
"GET /static/css/produtos_pequenos.css HTTP/1.1" 500 59
"GET /static/css/produtos_pequenos.css HTTP/1.1" 500 59
"GET /static/css/produtos_pequenos.css HTTP/1.1" 500 59
"GET /static/css/produtos_pequenos.css HTTP/1.1" 500 59
"GET /static/css/produtos_pequenos.css HTTP/1.1" 500 59
"GET /static/css/produtos_pequenos.css HTTP/1.1" 500 59
"GET /static/css/produtos_pequenos.css HTTP/1.1" 500 59
"GET /static/css/home_produtos_categoria.css HTTP/1.1" 500 59
"GET /media/produtos/NoImgAvailable.webp HTTP/1.1" 500 59
"GET /static/css/produtos_pequenos.css HTTP/1.1" 500 59
"GET /media/produtos/29134.webp HTTP/1.1" 500 59
"GET /static/css/produtos_pequenos.css HTTP/1.1" 500 59
"GET /static/css/produtos_pequenos.css HTTP/1.1" 500 59
"GET /media/produtos/NoImgAvailable.webp HTTP/1.1" 500 59
"GET /media/produtos/NoImgAvailable.webp HTTP/1.1" 500 59
"GET /static/css/produtos_pequenos.css HTTP/1.1" 500 59
"GET /static/css/produtos_pequenos.css HTTP/1.1" 500 59
"GET /media/produtos/NoImgAvailable.webp HTTP/1.1" 500 59
"GET /static/css/produtos_pequenos.css HTTP/1.1" 500 59
"GET /static/css/produtos_pequenos.css HTTP/1.1" 500 59
"GET /media/produtos/NoImgAvailable.webp HTTP/1.1" 500 59
"GET /static/css/produtos_pequenos.css HTTP/1.1" 500 59
"GET /media/produtos/NoImgAvailable.webp HTTP/1.1" 500 59
"GET /static/css/produtos_pequenos.css HTTP/1.1" 500 59
"GET /static/css/produtos_pequenos.css HTTP/1.1" 500 59
"GET /static/css/produtos_pequenos.css HTTP/1.1" 500 59
"GET /static/css/home_produtos_categoria.css HTTP/1.1" 500 59
"GET /static/css/produtos_pequenos.css HTTP/1.1" 500 59
"GET /static/css/produtos_pequenos.css HTTP/1.1" 500 59
"GET /media/produtos/142925.webp HTTP/1.1" 500 59
"GET /media/produtos/NoImgAvailable.webp HTTP/1.1" 500 59
"GET /static/css/produtos_pequenos.css HTTP/1.1" 500 59
"GET /media/produtos/NoImgAvailable.webp HTTP/1.1" 500 59
"GET /static/css/produtos_pequenos.css HTTP/1.1" 500 59
"GET /static/css/produtos_pequenos.css HTTP/1.1" 500 59
"GET /media/produtos/NoImgAvailable.webp HTTP/1.1" 500 59
"GET /media/produtos/NoImgAvailable.webp HTTP/1.1" 500 59
"GET /static/css/produtos_pequenos.css HTTP/1.1" 500 59
"GET /static/css/produtos_pequenos.css HTTP/1.1" 500 59
"GET /media/produtos/NoImgAvailable.webp HTTP/1.1" 500 59
"GET /static/css/produtos_pequenos.css HTTP/1.1" 500 59
"GET /static/css/produtos_pequenos.css HTTP/1.1" 500 59
"GET /media/produtos/NoImgAvailable.webp HTTP/1.1" 500 59
"GET /static/css/produtos_pequenos.css HTTP/1.1" 500 59
"GET /media/produtos/NoImgAvailable.webp HTTP/1.1" 500 59
"GET /static/css/produtos_pequenos.css HTTP/1.1" 500 59
"GET /media/produtos/NoImgAvailable.webp HTTP/1.1" 500 59
"GET /static/css/home_produtos_categoria.css HTTP/1.1" 500 59
"GET /static/css/produtos_pequenos.css HTTP/1.1" 500 59
"GET /media/produtos/NoImgAvailable.webp HTTP/1.1" 500 59
"GET /static/css/produtos_pequenos.css HTTP/1.1" 500 59
"GET /static/css/produtos_pequenos.css HTTP/1.1" 500 59
"GET /media/produtos/NoImgAvailable.webp HTTP/1.1" 500 59
"GET /media/produtos/NoImgAvailable.webp HTTP/1.1" 500 59
"GET /static/css/produtos_pequenos.css HTTP/1.1" 500 59
"GET /media/produtos/NoImgAvailable.webp HTTP/1.1" 500 59
"GET /static/css/produtos_pequenos.css HTTP/1.1" 500 59
"GET /static/css/produtos_pequenos.css HTTP/1.1" 500 59
"GET /media/produtos/NoImgAvailable.webp HTTP/1.1" 500 59
"GET /static/css/produtos_pequenos.css HTTP/1.1" 500 59
"GET /media/produtos/NoImgAvailable.webp HTTP/1.1" 500 59
"GET /static/css/produtos_pequenos.css HTTP/1.1" 500 59
"GET /media/produtos/NoImgAvailable.webp HTTP/1.1" 500 59
"GET /static/css/produtos_pequenos.css HTTP/1.1" 500 59
"GET /media/produtos/NoImgAvailable.webp HTTP/1.1" 500 59
"GET /static/css/produtos_pequenos.css HTTP/1.1" 500 59
"GET /static/css/produtos_pequenos.css HTTP/1.1" 500 59
"GET /media/produtos/NoImgAvailable.webp HTTP/1.1" 500 59
"GET /media/empresas/hg-teste_jXgRLs3.png HTTP/1.1" 500 59
"GET /media/empresas/hg-teste_jXgRLs3.png HTTP/1.1" 500 59
Internal Server Error: /produtos/69/
Traceback (most recent call last):
  File "C:\Users\joaog\AppData\Local\Programs\Python\Python39\lib\site-packages\django\core\handlers\exception.py", line 55, in inner
    response = get_response(request)
  File "C:\Users\joaog\AppData\Local\Programs\Python\Python39\lib\site-packages\django\core\handlers\base.py", line 197, in _get_response
    response = wrapped_callback(request, *callback_args, **callback_kwargs)
  File "C:\Users\joaog\AppData\Local\Programs\Python\Python39\lib\site-packages\django\views\generic\base.py", line 104, in view
    return self.dispatch(request, *args, **kwargs)
  File "C:\djvenv\ProjetoJoaoMarcelo\django-teste\app\views.py", line 72, in dispatch
    return super().dispatch(request,*args,**kwargs)
  File "C:\Users\joaog\AppData\Local\Programs\Python\Python39\lib\site-packages\django\views\generic\base.py", line 143, in dispatch
    return handler(request, *args, **kwargs)
  File "C:\Users\joaog\AppData\Local\Programs\Python\Python39\lib\site-packages\django\views\generic\base.py", line 226, in get
    context = self.get_context_data(**kwargs)
  File "C:\djvenv\ProjetoJoaoMarcelo\django-teste\app\views.py", line 260, in get_context_data
    produto = Produto.objects.get(slug=url_slug)
  File "C:\Users\joaog\AppData\Local\Programs\Python\Python39\lib\site-packages\django\db\models\manager.py", line 87, in manager_method
    return getattr(self.get_queryset(), name)(*args, **kwargs)
  File "C:\Users\joaog\AppData\Local\Programs\Python\Python39\lib\site-packages\django\db\models\query.py", line 637, in get
    raise self.model.DoesNotExist(
app.models.Produto.DoesNotExist: Produto matching query does not exist.
"GET /produtos/69/ HTTP/1.1" 500 98053
"GET /media/banners/Cer%C3%A2micas_Desktop.png HTTP/1.1" 500 59
"GET /media/empresas/hg-teste_jXgRLs3.png HTTP/1.1" 500 59
"GET /static/css/base.css HTTP/1.1" 500 59
"GET /static/css/home.css HTTP/1.1" 500 59
"GET /static/css/banner.css HTTP/1.1" 500 59
"GET /static/js/banner.js HTTP/1.1" 500 59
"GET /media/banners/Institucional_Mobile.webp HTTP/1.1" 500 59
"GET /static/css/mais_vendidos.css HTTP/1.1" 500 59
"GET /static/img/BannerEntregaPlaceHolder.webp HTTP/1.1" 500 59
"GET /media/banners/Institucional_Desktop.webp HTTP/1.1" 500 59
"GET /media/banners/Porcelanatos_Mobile.webp HTTP/1.1" 500 59
"GET /static/css/produtos_pequenos.css HTTP/1.1" 500 59
"GET /media/empresas/hg-teste_jXgRLs3.png HTTP/1.1" 500 59
"GET /media/banners/Cer%C3%A2micas_Desktop.png HTTP/1.1" 500 59
"GET /static/js/mais_vendidos.js HTTP/1.1" 500 59
"GET /media/banners/Cer%C3%A2micas_Mobile.png HTTP/1.1" 500 59
"GET /static/css/home_produtos_categoria.css HTTP/1.1" 500 59
"GET /media/banners/Porcelanatos_Desktop.webp HTTP/1.1" 500 59
"GET /static/css/produtos_pequenos.css HTTP/1.1" 500 59
"GET /static/js/home.js HTTP/1.1" 500 59
"GET /media/produtos/29134.webp HTTP/1.1" 500 59
"GET /media/produtos/144145.webp HTTP/1.1" 500 59
"GET /media/produtos/142925.webp HTTP/1.1" 500 59
"GET /media/produtos/NoImgAvailable.webp HTTP/1.1" 500 59
"GET /media/produtos/144144.webp HTTP/1.1" 500 59
"GET /media/produtos/144142.webp HTTP/1.1" 500 59
"GET /media/produtos/143867.webp HTTP/1.1" 500 59
"GET /static/css/produtos_pequenos.css HTTP/1.1" 500 59
"GET /media/produtos/144482.webp HTTP/1.1" 500 59
"GET /media/produtos/144485.webp HTTP/1.1" 500 59
"GET /media/produtos/144488.webp HTTP/1.1" 500 59
"GET /media/produtos/144487.webp HTTP/1.1" 500 59
"GET /media/produtos/145178.webp HTTP/1.1" 500 59
"GET /media/produtos/144734.webp HTTP/1.1" 500 59
"GET /static/css/produtos_pequenos.css HTTP/1.1" 500 59
"GET /media/produtos/142579.webp HTTP/1.1" 500 59
"GET /media/produtos/145123.webp HTTP/1.1" 500 59
"GET /media/produtos/142839.webp HTTP/1.1" 500 59
"GET /media/produtos/142677.webp HTTP/1.1" 500 59
"GET /media/empresas/Hefesto_kD24Gfv.webp HTTP/1.1" 500 59
"GET /media/produtos/143113.webp HTTP/1.1" 500 59
"GET /static/css/produtos_pequenos.css HTTP/1.1" 500 59
"GET /media/empresas/Pagseguro_YVPQbhd.webp HTTP/1.1" 500 59
"GET /static/img/Pagseguro.webp HTTP/1.1" 500 59
"GET /media/produtos/NoImgAvailable.webp HTTP/1.1" 500 59
"GET /static/css/produtos_pequenos.css HTTP/1.1" 500 59
"GET /media/produtos/NoImgAvailable.webp HTTP/1.1" 500 59
"GET /static/css/produtos_pequenos.css HTTP/1.1" 500 59
"GET /static/css/produtos_pequenos.css HTTP/1.1" 500 59
"GET /media/produtos/144145.webp HTTP/1.1" 500 59
"GET /static/css/produtos_pequenos.css HTTP/1.1" 500 59
"GET /media/produtos/144144.webp HTTP/1.1" 500 59
"GET /static/css/produtos_pequenos.css HTTP/1.1" 500 59
"GET /static/css/produtos_pequenos.css HTTP/1.1" 500 59
"GET /static/css/produtos_pequenos.css HTTP/1.1" 500 59
"GET /static/css/produtos_pequenos.css HTTP/1.1" 500 59
"GET /static/css/produtos_pequenos.css HTTP/1.1" 500 59
"GET /static/css/produtos_pequenos.css HTTP/1.1" 500 59
"GET /static/css/produtos_pequenos.css HTTP/1.1" 500 59
"GET /static/css/produtos_pequenos.css HTTP/1.1" 500 59
"GET /static/css/produtos_pequenos.css HTTP/1.1" 500 59
"GET /static/css/home_produtos_categoria.css HTTP/1.1" 500 59
"GET /media/produtos/NoImgAvailable.webp HTTP/1.1" 500 59
"GET /static/css/produtos_pequenos.css HTTP/1.1" 500 59
"GET /media/produtos/29134.webp HTTP/1.1" 500 59
"GET /static/css/produtos_pequenos.css HTTP/1.1" 500 59
"GET /media/produtos/NoImgAvailable.webp HTTP/1.1" 500 59
"GET /static/css/produtos_pequenos.css HTTP/1.1" 500 59
"GET /media/produtos/NoImgAvailable.webp HTTP/1.1" 500 59
"GET /static/css/produtos_pequenos.css HTTP/1.1" 500 59
"GET /media/produtos/NoImgAvailable.webp HTTP/1.1" 500 59
"GET /static/css/produtos_pequenos.css HTTP/1.1" 500 59
"GET /static/css/produtos_pequenos.css HTTP/1.1" 500 59
"GET /static/css/produtos_pequenos.css HTTP/1.1" 500 59
"GET /static/css/produtos_pequenos.css HTTP/1.1" 500 59
"GET /media/produtos/NoImgAvailable.webp HTTP/1.1" 500 59
"GET /static/css/produtos_pequenos.css HTTP/1.1" 500 59
"GET /media/produtos/NoImgAvailable.webp HTTP/1.1" 500 59
"GET /static/css/produtos_pequenos.css HTTP/1.1" 500 59
"GET /static/css/produtos_pequenos.css HTTP/1.1" 500 59
"GET /static/css/home_produtos_categoria.css HTTP/1.1" 500 59
"GET /static/css/produtos_pequenos.css HTTP/1.1" 500 59
"GET /static/css/produtos_pequenos.css HTTP/1.1" 500 59
"GET /media/produtos/142925.webp HTTP/1.1" 500 59
"GET /static/css/produtos_pequenos.css HTTP/1.1" 500 59
"GET /media/produtos/NoImgAvailable.webp HTTP/1.1" 500 59
"GET /static/css/produtos_pequenos.css HTTP/1.1" 500 59
"GET /media/produtos/NoImgAvailable.webp HTTP/1.1" 500 59
"GET /static/css/produtos_pequenos.css HTTP/1.1" 500 59
"GET /media/produtos/NoImgAvailable.webp HTTP/1.1" 500 59
"GET /static/css/produtos_pequenos.css HTTP/1.1" 500 59
"GET /media/produtos/NoImgAvailable.webp HTTP/1.1" 500 59
"GET /static/css/produtos_pequenos.css HTTP/1.1" 500 59
"GET /static/css/produtos_pequenos.css HTTP/1.1" 500 59
"GET /media/produtos/NoImgAvailable.webp HTTP/1.1" 500 59
"GET /static/css/produtos_pequenos.css HTTP/1.1" 500 59
"GET /media/produtos/NoImgAvailable.webp HTTP/1.1" 500 59
"GET /static/css/produtos_pequenos.css HTTP/1.1" 500 59
"GET /media/produtos/NoImgAvailable.webp HTTP/1.1" 500 59
"GET /static/css/produtos_pequenos.css HTTP/1.1" 500 59
"GET /media/produtos/NoImgAvailable.webp HTTP/1.1" 500 59
"GET /static/css/home_produtos_categoria.css HTTP/1.1" 500 59
"GET /static/css/produtos_pequenos.css HTTP/1.1" 500 59
"GET /media/produtos/NoImgAvailable.webp HTTP/1.1" 500 59
"GET /static/css/produtos_pequenos.css HTTP/1.1" 500 59
"GET /media/produtos/NoImgAvailable.webp HTTP/1.1" 500 59
"GET /static/css/produtos_pequenos.css HTTP/1.1" 500 59
"GET /static/css/produtos_pequenos.css HTTP/1.1" 500 59
"GET /media/produtos/NoImgAvailable.webp HTTP/1.1" 500 59
"GET /media/produtos/NoImgAvailable.webp HTTP/1.1" 500 59
"GET /static/css/produtos_pequenos.css HTTP/1.1" 500 59
"GET /static/css/produtos_pequenos.css HTTP/1.1" 500 59
"GET /media/produtos/NoImgAvailable.webp HTTP/1.1" 500 59
"GET /static/css/produtos_pequenos.css HTTP/1.1" 500 59
"GET /static/css/produtos_pequenos.css HTTP/1.1" 500 59
"GET /media/produtos/NoImgAvailable.webp HTTP/1.1" 500 59
"GET /static/css/produtos_pequenos.css HTTP/1.1" 500 59
"GET /media/produtos/NoImgAvailable.webp HTTP/1.1" 500 59
"GET /static/css/produtos_pequenos.css HTTP/1.1" 500 59
"GET /media/produtos/NoImgAvailable.webp HTTP/1.1" 500 59
"GET /static/css/produtos_pequenos.css HTTP/1.1" 500 59
"GET /media/empresas/hg-teste_jXgRLs3.png HTTP/1.1" 500 59
"GET /media/produtos/NoImgAvailable.webp HTTP/1.1" 500 59
"GET /media/empresas/hg-teste_jXgRLs3.png HTTP/1.1" 500 59
"GET /media/empresas/hg-teste_jXgRLs3.png HTTP/1.1" 500 59
"GET /static/css/base.css HTTP/1.1" 500 59
"GET /static/css/home.css HTTP/1.1" 500 59
"GET /static/css/banner.css HTTP/1.1" 500 59
"GET /static/css/mais_vendidos.css HTTP/1.1" 500 59
"GET /media/banners/Institucional_Desktop.webp HTTP/1.1" 500 59
"GET /static/img/BannerEntregaPlaceHolder.webp HTTP/1.1" 500 59
"GET /static/js/banner.js HTTP/1.1" 500 59
"GET /media/banners/Institucional_Mobile.webp HTTP/1.1" 500 59
"GET /media/empresas/hg-teste_jXgRLs3.png HTTP/1.1" 500 59
"GET /static/css/produtos_pequenos.css HTTP/1.1" 500 59
"GET /media/banners/Porcelanatos_Mobile.webp HTTP/1.1" 500 59
"GET /media/banners/Cer%C3%A2micas_Mobile.png HTTP/1.1" 500 59
"GET /media/banners/Porcelanatos_Desktop.webp HTTP/1.1" 500 59
"GET /static/js/mais_vendidos.js HTTP/1.1" 500 59
"GET /static/css/home_produtos_categoria.css HTTP/1.1" 500 59
"GET /media/banners/Cer%C3%A2micas_Desktop.png HTTP/1.1" 500 59
"GET /media/produtos/29134.webp HTTP/1.1" 500 59
"GET /static/css/produtos_pequenos.css HTTP/1.1" 500 59
"GET /static/js/home.js HTTP/1.1" 500 59
"GET /media/produtos/144145.webp HTTP/1.1" 500 59
"GET /media/produtos/142925.webp HTTP/1.1" 500 59
"GET /media/produtos/NoImgAvailable.webp HTTP/1.1" 500 59
"GET /static/css/produtos_pequenos.css HTTP/1.1" 500 59
"GET /media/produtos/144142.webp HTTP/1.1" 500 59
"GET /media/produtos/143867.webp HTTP/1.1" 500 59
"GET /media/produtos/144144.webp HTTP/1.1" 500 59
"GET /media/produtos/144482.webp HTTP/1.1" 500 59
"GET /media/produtos/144485.webp HTTP/1.1" 500 59
"GET /media/produtos/144487.webp HTTP/1.1" 500 59
"GET /media/produtos/144488.webp HTTP/1.1" 500 59
"GET /media/produtos/144734.webp HTTP/1.1" 500 59
"GET /static/css/produtos_pequenos.css HTTP/1.1" 500 59
"GET /media/produtos/145178.webp HTTP/1.1" 500 59
"GET /media/produtos/142677.webp HTTP/1.1" 500 59
"GET /media/produtos/145123.webp HTTP/1.1" 500 59
"GET /media/produtos/142579.webp HTTP/1.1" 500 59
"GET /media/produtos/143113.webp HTTP/1.1" 500 59
"GET /static/css/produtos_pequenos.css HTTP/1.1" 500 59
"GET /media/produtos/142839.webp HTTP/1.1" 500 59
"GET /static/img/Pagseguro.webp HTTP/1.1" 500 59
"GET /media/empresas/Hefesto_kD24Gfv.webp HTTP/1.1" 500 59
"GET /media/empresas/Pagseguro_YVPQbhd.webp HTTP/1.1" 500 59
"GET /static/css/produtos_pequenos.css HTTP/1.1" 500 59
"GET /media/produtos/NoImgAvailable.webp HTTP/1.1" 500 59
"GET /static/css/produtos_pequenos.css HTTP/1.1" 500 59
"GET /static/css/produtos_pequenos.css HTTP/1.1" 500 59
"GET /media/produtos/144145.webp HTTP/1.1" 500 59
"GET /static/css/produtos_pequenos.css HTTP/1.1" 500 59
"GET /media/produtos/144144.webp HTTP/1.1" 500 59
"GET /static/css/produtos_pequenos.css HTTP/1.1" 500 59
"GET /static/css/produtos_pequenos.css HTTP/1.1" 500 59
"GET /static/css/produtos_pequenos.css HTTP/1.1" 500 59
"GET /static/css/produtos_pequenos.css HTTP/1.1" 500 59
"GET /static/css/produtos_pequenos.css HTTP/1.1" 500 59
"GET /static/css/produtos_pequenos.css HTTP/1.1" 500 59
"GET /static/css/produtos_pequenos.css HTTP/1.1" 500 59
"GET /static/css/produtos_pequenos.css HTTP/1.1" 500 59
"GET /static/css/produtos_pequenos.css HTTP/1.1" 500 59
"GET /media/produtos/NoImgAvailable.webp HTTP/1.1" 500 59
"GET /static/css/home_produtos_categoria.css HTTP/1.1" 500 59
"GET /static/css/produtos_pequenos.css HTTP/1.1" 500 59
"GET /media/produtos/29134.webp HTTP/1.1" 500 59
"GET /static/css/produtos_pequenos.css HTTP/1.1" 500 59
"GET /static/css/produtos_pequenos.css HTTP/1.1" 500 59
"GET /media/produtos/NoImgAvailable.webp HTTP/1.1" 500 59
"GET /media/produtos/NoImgAvailable.webp HTTP/1.1" 500 59
"GET /static/css/produtos_pequenos.css HTTP/1.1" 500 59
"GET /media/produtos/NoImgAvailable.webp HTTP/1.1" 500 59
"GET /static/css/produtos_pequenos.css HTTP/1.1" 500 59
"GET /static/css/produtos_pequenos.css HTTP/1.1" 500 59
"GET /static/css/produtos_pequenos.css HTTP/1.1" 500 59
"GET /media/produtos/NoImgAvailable.webp HTTP/1.1" 500 59
"GET /static/css/produtos_pequenos.css HTTP/1.1" 500 59
"GET /media/produtos/NoImgAvailable.webp HTTP/1.1" 500 59
"GET /static/css/produtos_pequenos.css HTTP/1.1" 500 59
"GET /static/css/produtos_pequenos.css HTTP/1.1" 500 59
"GET /static/css/produtos_pequenos.css HTTP/1.1" 500 59
"GET /static/css/home_produtos_categoria.css HTTP/1.1" 500 59
"GET /static/css/produtos_pequenos.css HTTP/1.1" 500 59
"GET /media/produtos/142925.webp HTTP/1.1" 500 59
"GET /static/css/produtos_pequenos.css HTTP/1.1" 500 59
"GET /static/css/produtos_pequenos.css HTTP/1.1" 500 59
"GET /media/produtos/NoImgAvailable.webp HTTP/1.1" 500 59
"GET /media/produtos/NoImgAvailable.webp HTTP/1.1" 500 59
"GET /static/css/produtos_pequenos.css HTTP/1.1" 500 59
"GET /static/css/produtos_pequenos.css HTTP/1.1" 500 59
"GET /media/produtos/NoImgAvailable.webp HTTP/1.1" 500 59
"GET /static/css/produtos_pequenos.css HTTP/1.1" 500 59
"GET /media/produtos/NoImgAvailable.webp HTTP/1.1" 500 59
"GET /static/css/produtos_pequenos.css HTTP/1.1" 500 59
"GET /media/produtos/NoImgAvailable.webp HTTP/1.1" 500 59
"GET /media/produtos/NoImgAvailable.webp HTTP/1.1" 500 59
"GET /static/css/produtos_pequenos.css HTTP/1.1" 500 59
"GET /media/produtos/NoImgAvailable.webp HTTP/1.1" 500 59
"GET /static/css/produtos_pequenos.css HTTP/1.1" 500 59
"GET /media/produtos/NoImgAvailable.webp HTTP/1.1" 500 59
"GET /static/css/produtos_pequenos.css HTTP/1.1" 500 59
"GET /static/css/produtos_pequenos.css HTTP/1.1" 500 59
"GET /media/produtos/NoImgAvailable.webp HTTP/1.1" 500 59
"GET /static/css/home_produtos_categoria.css HTTP/1.1" 500 59
"GET /static/css/produtos_pequenos.css HTTP/1.1" 500 59
"GET /static/css/produtos_pequenos.css HTTP/1.1" 500 59
"GET /media/produtos/NoImgAvailable.webp HTTP/1.1" 500 59
"GET /media/produtos/NoImgAvailable.webp HTTP/1.1" 500 59
"GET /static/css/produtos_pequenos.css HTTP/1.1" 500 59
"GET /static/css/produtos_pequenos.css HTTP/1.1" 500 59
"GET /media/produtos/NoImgAvailable.webp HTTP/1.1" 500 59
"GET /media/produtos/NoImgAvailable.webp HTTP/1.1" 500 59
"GET /static/css/produtos_pequenos.css HTTP/1.1" 500 59
"GET /static/css/produtos_pequenos.css HTTP/1.1" 500 59
"GET /media/produtos/NoImgAvailable.webp HTTP/1.1" 500 59
"GET /media/produtos/NoImgAvailable.webp HTTP/1.1" 500 59
"GET /static/css/produtos_pequenos.css HTTP/1.1" 500 59
"GET /static/css/produtos_pequenos.css HTTP/1.1" 500 59
"GET /media/produtos/NoImgAvailable.webp HTTP/1.1" 500 59
"GET /static/css/produtos_pequenos.css HTTP/1.1" 500 59
"GET /media/produtos/NoImgAvailable.webp HTTP/1.1" 500 59
"GET /static/css/produtos_pequenos.css HTTP/1.1" 500 59
"GET /media/produtos/NoImgAvailable.webp HTTP/1.1" 500 59
"GET /static/css/produtos_pequenos.css HTTP/1.1" 500 59
"GET /media/empresas/hg-teste_jXgRLs3.png HTTP/1.1" 500 59
"GET /media/produtos/NoImgAvailable.webp HTTP/1.1" 500 59
"GET /media/empresas/hg-teste_jXgRLs3.png HTTP/1.1" 500 59
